<?xml version="1.0" encoding="UTF-8"?>
<!-- Generated by org.testng.reporters.JUnitReportReporter -->
<testsuite hostname="DESKTOP-KSTJK7A" failures="0" tests="5" name="tests.TC_VideoGameAPI" time="5.944" errors="0" timestamp="2023-04-07T02:58:14 EET" skipped="0">
  <testcase classname="tests.TC_VideoGameAPI" name="test_GetAllVideoGames" time="3.729"/>
  <system-out/>
  <testcase classname="tests.TC_VideoGameAPI" name="test_AddNewVideoGame" time="0.957"/>
  <system-out/>
  <testcase classname="tests.TC_VideoGameAPI" name="test_GetVideoGameById" time="1.088"/>
  <system-out/>
  <testcase classname="tests.TC_VideoGameAPI" name="test_UpdateVideoGame" time="0.141"/>
  <system-out/>
  <testcase classname="tests.TC_VideoGameAPI" name="test_DeleteVideoGame" time="0.029"/>
  <system-out/>
</testsuite> <!-- tests.TC_VideoGameAPI -->
